('./test_images_cone/test1.jpg', 0.9736842105263158)
('./test_images_cone/test2.jpg', 0.7788246851835313)
('./test_images_cone/test3.jpg', 0.7644794721407625)
('./test_images_cone/test4.jpg', 0.614177131526768)
('./test_images_cone/test5.jpg', 0.9574468085106383)
('./test_images_cone/test6.jpg', 0.5060972085765474)
('./test_images_cone/test7.jpg', 0.7856863511928041)
('./test_images_cone/test8.jpg', 0.7309929372663067)
('./test_images_cone/test9.jpg', 0.0)
('./test_images_cone/test10.jpg', 0.9047619047619048)
('./test_images_cone/test11.jpg', 0.7109760729206228)
('./test_images_cone/test12.jpg', 0.8881889763779528)
('./test_images_cone/test13.jpg', 0.8188747731397459)
('./test_images_cone/test14.jpg', 0.607940446650124)
('./test_images_cone/test15.jpg', 0.6746031746031746)
('./test_images_cone/test16.jpg', 0.4949784791965567)
('./test_images_cone/test17.jpg', 0.6695652173913044)
('./test_images_cone/test18.jpg', 0.8501650165016502)
('./test_images_cone/test19.jpg', 0.7276315789473684)
('./test_images_cone/test20.jpg', 0.8380952380952381)